<?xml version="1.0" encoding="UTF-8"?>
<!-- Generated by org.testng.reporters.JUnitReportReporter -->
<testsuite skipped="0" hostname="MLDCSRGEOD01-VM" name="com.cosac.TestCases.COS01_LocationCreation" tests="2" failures="0" timestamp="04 Mar 2020 09:59:55 GMT" time="8.757" errors="0">
  <testcase name="location" time="2.484" classname="com.cosac.TestCases.COS01_LocationCreation"/>
  <testcase name="createLocationForm" time="6.273" classname="com.cosac.TestCases.COS01_LocationCreation"/>
</testsuite> <!-- com.cosac.TestCases.COS01_LocationCreation -->
