<?xml version="1.0" encoding="UTF-8"?>
<!-- Generated by org.testng.reporters.JUnitReportReporter -->
<testsuite skipped="0" hostname="MLDCSRGEOD01-VM" name="com.cosac.TestCases.COS10_SparePartsProductCreation" tests="2" failures="0" timestamp="04 Mar 2020 10:02:42 GMT" time="5.207" errors="0">
  <testcase name="createLocationForm" time="0.002" classname="com.cosac.TestCases.COS10_SparePartsProductCreation"/>
  <testcase name="location" time="5.205" classname="com.cosac.TestCases.COS10_SparePartsProductCreation"/>
</testsuite> <!-- com.cosac.TestCases.COS10_SparePartsProductCreation -->
